[debug] [2022-11-15T19:21:31.603Z] ----------------------------------------------------------------------
[debug] [2022-11-15T19:21:31.604Z] Command:       /usr/bin/node /usr/bin/firebase init
[debug] [2022-11-15T19:21:31.605Z] CLI Version:   11.16.1
[debug] [2022-11-15T19:21:31.605Z] Platform:      linux
[debug] [2022-11-15T19:21:31.605Z] Node Version:  v18.7.0
[debug] [2022-11-15T19:21:31.605Z] Time:          Tue Nov 15 2022 14:21:31 GMT-0500 (Eastern Standard Time)
[debug] [2022-11-15T19:21:31.605Z] ----------------------------------------------------------------------
[debug] 
[debug] [2022-11-15T19:21:31.669Z] > command requires scopes: ["email","openid","https://www.googleapis.com/auth/cloudplatformprojects.readonly","https://www.googleapis.com/auth/firebase","https://www.googleapis.com/auth/cloud-platform"]
[debug] [2022-11-15T19:21:31.670Z] > authorizing via signed-in user (wmm0003@mix.wvu.edu)
[info] 
     ######## #### ########  ######## ########     ###     ######  ########
     ##        ##  ##     ## ##       ##     ##  ##   ##  ##       ##
     ######    ##  ########  ######   ########  #########  ######  ######
     ##        ##  ##    ##  ##       ##     ## ##     ##       ## ##
     ##       #### ##     ## ######## ########  ##     ##  ######  ########

You're about to initialize a Firebase project in this directory:

  /home/loud/Documents/GitHub/230Class

Before we get started, keep in mind:

  * You are initializing within an existing Firebase project directory

